content.js:18 [VineExplorer] ═══ INIT page 8 ═══ https://www.amazon.com/vine/vine-items?queue=encore&pn=&cn=&page=8
content.js:35 [VineExplorer] Keywords loaded: (16) ['filament', 'laser engraver', 'laser cutter', 'solder', 'soldering', 'magnetic mat', 'cutting mat', 'roling cutter', 'airsoft', 'router', 'makita', 'carplay', 'highlander carplay', 'nozzle', 'hotend', 'hot end']
content.js:68 [VineExplorer] Found 36 tiles
content.js:88 [VineExplorer] Tile B0GRVB2D4X: already has ETV=$12.77 — skipping fetch
content.js:88 [VineExplorer] Tile B0F2HF989P: already has ETV=$15.19 — skipping fetch
content.js:88 [VineExplorer] Tile B0F2HJKKHC: already has ETV=$16.99 — skipping fetch
content.js:88 [VineExplorer] Tile B0F2HMX317: already has ETV=$14.99 — skipping fetch
content.js:88 [VineExplorer] Tile B0DTPSK5JF: already has ETV=$12.99 — skipping fetch
content.js:88 [VineExplorer] Tile B0G6JPVRFJ: already has ETV=$19.99 — skipping fetch
content.js:88 [VineExplorer] Tile B0G6K1T7W8: already has ETV=$15.99 — skipping fetch
content.js:88 [VineExplorer] Tile B0G6YXBFM3: already has ETV=$18.99 — skipping fetch
content.js:88 [VineExplorer] Tile B0GSWBHXR9: already has ETV=$22.96 — skipping fetch
content.js:88 [VineExplorer] Tile B0GSZJD1K4: already has ETV=$19.98 — skipping fetch
content.js:88 [VineExplorer] Tile B0GTYPNDRN: already has ETV=$18.99 — skipping fetch
content.js:88 [VineExplorer] Tile B0FNKPR1YF: already has ETV=$19.99 — skipping fetch
content.js:88 [VineExplorer] Tile B0GR4JX4XX: already has ETV=$12.99 — skipping fetch
content.js:88 [VineExplorer] Tile B0FC2Z2G41: already has ETV=$17.99 — skipping fetch
content.js:88 [VineExplorer] Tile B0GFYXXNPV: already has ETV=$13.99 — skipping fetch
content.js:88 [VineExplorer] Tile B0GR5BHDT6: already has ETV=$20.99 — skipping fetch
content.js:88 [VineExplorer] Tile B0G3X4P3TW: already has ETV=$18.63 — skipping fetch
content.js:88 [VineExplorer] Tile B0GQQ19PXG: already has ETV=$9.99 — skipping fetch
content.js:88 [VineExplorer] Tile B0GQPH694P: already has ETV=$12.99 — skipping fetch
content.js:88 [VineExplorer] Tile B0GQ8SNJ1H: already has ETV=$24.99 — skipping fetch
content.js:88 [VineExplorer] Tile B0BC8YSFVP: already has ETV=$19.99 — skipping fetch
content.js:88 [VineExplorer] Tile B0B7HX3M6N: already has ETV=$22.99 — skipping fetch
content.js:88 [VineExplorer] Tile B0F59SCF19: already has ETV=$22.97 — skipping fetch
content.js:88 [VineExplorer] Tile B0GV3JKDY8: already has ETV=$18.99 — skipping fetch
content.js:88 [VineExplorer] Tile B0FRVJ31GN: already has ETV=$23.98 — skipping fetch
content.js:88 [VineExplorer] Tile B0GT7G6WZN: already has ETV=$19.99 — skipping fetch
content.js:88 [VineExplorer] Tile B0GSQVG5P3: already has ETV=$11.89 — skipping fetch
content.js:88 [VineExplorer] Tile B0FLHX6JZT: already has ETV=$16.99 — skipping fetch
content.js:88 [VineExplorer] Tile B0GRH17DQR: already has ETV=$10.99 — skipping fetch
content.js:88 [VineExplorer] Tile B0GKDL4JY3: already has ETV=$10.99 — skipping fetch
content.js:88 [VineExplorer] Tile B0GQLLYXVY: already has ETV=$16.99 — skipping fetch
content.js:88 [VineExplorer] Tile B0GR524Y7T: already has ETV=$12.99 — skipping fetch
content.js:88 [VineExplorer] Tile B0GRL8J74Z: already has ETV=$8.99 — skipping fetch
content.js:88 [VineExplorer] Tile B0G6T9DNX1: already has ETV=$17.68 — skipping fetch
content.js:88 [VineExplorer] Tile B0GQLM5FK9: already has ETV=$10.89 — skipping fetch
content.js:22 [VineExplorer] Tiles processed. 1 queued for ETV fetch, 36 ASINs seen.
content.js:27 [VineExplorer] Waiting 3s before starting ETV fetch queue…
s.amazon-adsystem.com/iu3?d=amazon.com&slot=navFooter&a1=Pa0eLFSukvSSJ-r-IToYGpqMg&a2=01018942e3b40aa2075da76575c99684b3a3b88a9f5d8fbe9105537c79d7b3b8477e&old_oo=0&ts=1776304569019&s=AeNBMdwdas8XNQUOiAoviYR_jqx7w0Ofwlv2FBMEtBJB&gdpr_consent=&gdpr_consent_avl=&cb=1776304569019:1 Blocked script execution in 'https://s.amazon-adsystem.com/iu3?d=amazon.com&slot=navFooter&a1=Pa0eLFSukvSSJ-r-IToYGpqMg&a2=01018942e3b40aa2075da76575c99684b3a3b88a9f5d8fbe9105537c79d7b3b8477e&old_oo=0&ts=1776304569019&s=AeNBMdwdas8XNQUOiAoviYR_jqx7w0Ofwlv2FBMEtBJB&gdpr_consent=&gdpr_consent_avl=&cb=1776304569019' because the document's frame is sandboxed and the 'allow-scripts' permission is not set.

content.js:259 [VineExplorer] ─── ETV FETCH START ─── 1 items queued
content.js:266 [VineExplorer] [1/1] Fetching B0G6K2GBQK…
content.js:179 [VineExplorer] Fetching ETV from API for ASIN: B0G6K2GBQK  RecID: ATVPDKIKX0DER#B0G6K2GBQK#vine.enrollment.197b819c-8b72-47cf-9b2a-1b56c6d69d39
content.js:192 [VineExplorer] API response for item detail: {asin: 'B0G6K2GBQK', imageUrl: 'https://m.media-amazon.com/images/I/317+0miFEML._SS180_.jpg', productTitle: 'DUSIHUI HVAC Front Blower Motor Resistor Control M…eplaces 79330-SDA-A01,79330-SNA-A01,79330-SDG-W41', featureBullets: Array(5), byLineContributors: Array(1), …}
content.js:193 [VineExplorer] DetailURL: /vine/api/recommendations/ATVPDKIKX0DER%23B0G6K2GBQK%23vine.enrollment.197b819c-8b72-47cf-9b2a-1b56c6d69d39/item/B0G6K2GBQK?imageSize=180
content.js:270 [VineExplorer] [1/1] B0G6K2GBQK: ETV=17.99  options=false  limited=false  vendor=DUNSIHUI  desc=yes
content.js:297 [VineExplorer] ─── ETV FETCH DONE ─── 1 items processed
content.js:298 [VineExplorer] Pausing 60s before next page (download logs now)…
