content.js:18 [VineExplorer] ═══ INIT page 1 ═══ https://www.amazon.com/vine/vine-items?queue=encore
content.js:35 [VineExplorer] Keywords loaded: Array(16)
content.js:68 [VineExplorer] Found 36 tiles
content.js:88 [VineExplorer] Tile B0GLPLSGX1: already has ETV=$9.99 — skipping fetch
content.js:88 [VineExplorer] Tile B0F23LBV8R: already has ETV=$12.69 — skipping fetch
content.js:88 [VineExplorer] Tile B0GTZDVN3Z: already has ETV=$18.99 — skipping fetch
content.js:88 [VineExplorer] Tile B0GTV7TXRP: already has ETV=$17.99 — skipping fetch
content.js:88 [VineExplorer] Tile B0GPRKTB45: already has ETV=$15.99 — skipping fetch
content.js:88 [VineExplorer] Tile B0G6KPYDJ5: already has ETV=$19.99 — skipping fetch
content.js:88 [VineExplorer] Tile B0GT8LVQJN: already has ETV=$18.99 — skipping fetch
content.js:88 [VineExplorer] Tile B0GSZG6ZKH: already has ETV=$17.99 — skipping fetch
content.js:88 [VineExplorer] Tile B0GSVTP9XF: already has ETV=$16.99 — skipping fetch
content.js:88 [VineExplorer] Tile B0FY62VX99: already has ETV=$6.99 — skipping fetch
content.js:88 [VineExplorer] Tile B0G2LSX1ZC: already has ETV=$7.59 — skipping fetch
content.js:88 [VineExplorer] Tile B0FJ7Z1KL3: already has ETV=$18.99 — skipping fetch
content.js:88 [VineExplorer] Tile B0GKFYN8DP: already has ETV=$15.99 — skipping fetch
content.js:88 [VineExplorer] Tile B0GMN9TFNL: already has ETV=$20.69 — skipping fetch
content.js:88 [VineExplorer] Tile B0GJZF59X6: already has ETV=$14.99 — skipping fetch
content.js:88 [VineExplorer] Tile B0DH22LYHD: already has ETV=$9.99 — skipping fetch
content.js:88 [VineExplorer] Tile B0BN31185X: already has ETV=$9.99 — skipping fetch
content.js:88 [VineExplorer] Tile B0GK17VWFW: already has ETV=$9.99 — skipping fetch
content.js:88 [VineExplorer] Tile B0GKG6BZ6Z: already has ETV=$9.99 — skipping fetch
content.js:88 [VineExplorer] Tile B0GLP5HMD7: already has ETV=$10.99 — skipping fetch
content.js:88 [VineExplorer] Tile B0GN2PNCR5: already has ETV=$15.99 — skipping fetch
content.js:88 [VineExplorer] Tile B0GCHJSLRJ: already has ETV=$19.99 — skipping fetch
content.js:88 [VineExplorer] Tile B0GLYFHQ45: already has ETV=$12.99 — skipping fetch
content.js:88 [VineExplorer] Tile B0GL7QRRFD: already has ETV=$10.99 — skipping fetch
content.js:88 [VineExplorer] Tile B0GK7VR7DP: already has ETV=$14.99 — skipping fetch
content.js:88 [VineExplorer] Tile B0CMTHRGZ2: already has ETV=$16.99 — skipping fetch
content.js:88 [VineExplorer] Tile B0GK13H5GT: already has ETV=$10.99 — skipping fetch
content.js:22 [VineExplorer] Tiles processed. 9 queued for ETV fetch, 36 ASINs seen.
content.js:27 [VineExplorer] Waiting 3s before starting ETV fetch queue…
iu3?d=amazon.com&slot=navFooter&a1=Pa0eLFSukvSSJ-r-IToYGpqMg&a2=01018942e3b40aa2075da76575c99684b3a…:1 Blocked script execution in 'https://s.amazon-adsystem.com/iu3?d=amazon.com&slot=navFooter&a1=Pa0eLFSukvSSJ-r-IToYGpqMg&a2=01018942e3b40aa2075da76575c99684b3a3b88a9f5d8fbe9105537c79d7b3b8477e&old_oo=0&ts=1776304433391&s=ASD-HDt6WQI8pVQe93fbQb2wRWAfsWVY6tAmcFcHJPxt&gdpr_consent=&gdpr_consent_avl=&cb=1776304433391' because the document's frame is sandboxed and the 'allow-scripts' permission is not set.
vine-items?queue=encore:1 Tracking Prevention blocked an Image resource from loading https://dsum-sec.casalemedia.com/rrum?cm_dsp_id=198&external_user_id=kfqxGChUR7axNuh8AA1DEg&cb=https%3A%2F%2Fs.amazon-adsystem.com%2Fecm3%3Fex%3DindexHMT%26id%3D&gdpr_consent=&gdpr=0.
pr?exlist=n-ix-HMT&fv=1.0&a=cm&dmt=1&gdpr_consent=&gdpr=0&ep=mQwu3HhKlGj1LX5GRtjrTsjAK6JhAAQFp__epc…:1 Blocked script execution in 'https://s.amazon-adsystem.com/v3/pr?exlist=n-ix-HMT&fv=1.0&a=cm&dmt=1&gdpr_consent=&gdpr=0&ep=mQwu3HhKlGj1LX5GRtjrTsjAK6JhAAQFp__epc6SSWGdKk-AAQR0BW1HCyT_gU4E' because the document's frame is sandboxed and the 'allow-scripts' permission is not set.
rrum?cm_dsp_id=198&external_user_id=kfqxGChUR7axNuh8AA1DEg&cb=https%3A%2F%2Fs.amazon-adsystem.com%2…:1  Failed to load resource: net::ERR_BLOCKED_BY_CLIENT
vine-items?queue=encore:1 Uncaught (in promise) Error: Could not establish connection. Receiving end does not exist.
content.js:259 [VineExplorer] ─── ETV FETCH START ─── 9 items queued
content.js:266 [VineExplorer] [1/9] Fetching B0FVXH9ZMP…
content.js:179 [VineExplorer] Fetching ETV from API for ASIN: B0FVXH9ZMP  RecID: ATVPDKIKX0DER#B0FVXH9ZMP#vine.enrollment.c54aee1e-8281-478b-8afa-ddf5f3dfb541
content.js:192 [VineExplorer] API response for item detail: Object
content.js:193 [VineExplorer] DetailURL: /vine/api/recommendations/ATVPDKIKX0DER%23B0FVXH9ZMP%23vine.enrollment.c54aee1e-8281-478b-8afa-ddf5f3dfb541/item/B0FVXH9ZMP?imageSize=180
content.js:270 [VineExplorer] [1/9] B0FVXH9ZMP: ETV=16.88  options=false  limited=false  vendor=vierzweites  desc=yes
iu3?d=amazon.com&slot=navFooter&a1=Pa0eLFSukvSSJ-r-IToYGpqMg&a2=01018942e3b40aa2075da76575c99684b3a…:1 Unsafe attempt to load URL https://s.amazon-adsystem.com/iu3?d=amazon.com&slot=navFooter&a1=Pa0eLFSukvSSJ-r-IToYGpqMg&a2=01018942e3b40aa2075da76575c99684b3a3b88a9f5d8fbe9105537c79d7b3b8477e&old_oo=0&ts=1776304433391&s=ASD-HDt6WQI8pVQe93fbQb2wRWAfsWVY6tAmcFcHJPxt&gdpr_consent=&gdpr_consent_avl=&cb=1776304433391 from frame with URL https://s.amazon-adsystem.com/iu3?d=amazon.com&slot=navFooter&a1=Pa0eLFSukvSSJ-r-IToYGpqMg&a2=01018942e3b40aa2075da76575c99684b3a3b88a9f5d8fbe9105537c79d7b3b8477e&old_oo=0&ts=1776304433391&s=ASD-HDt6WQI8pVQe93fbQb2wRWAfsWVY6tAmcFcHJPxt&gdpr_consent=&gdpr_consent_avl=&cb=1776304433391. Domains, protocols and ports must match.

pr?exlist=n-ix-HMT&fv=1.0&a=cm&dmt=1&gdpr_consent=&gdpr=0&ep=mQwu3HhKlGj1LX5GRtjrTsjAK6JhAAQFp__epc…:1 Unsafe attempt to load URL https://s.amazon-adsystem.com/v3/pr?exlist=n-ix-HMT&fv=1.0&a=cm&dmt=1&gdpr_consent=&gdpr=0&ep=mQwu3HhKlGj1LX5GRtjrTsjAK6JhAAQFp__epc6SSWGdKk-AAQR0BW1HCyT_gU4E from frame with URL https://s.amazon-adsystem.com/v3/pr?exlist=n-ix-HMT&fv=1.0&a=cm&dmt=1&gdpr_consent=&gdpr=0&ep=mQwu3HhKlGj1LX5GRtjrTsjAK6JhAAQFp__epc6SSWGdKk-AAQR0BW1HCyT_gU4E. Domains, protocols and ports must match.


content.js:266 [VineExplorer] [2/9] Fetching B0GHWTJ5K8…
content.js:179 [VineExplorer] Fetching ETV from API for ASIN: B0GHWTJ5K8  RecID: ATVPDKIKX0DER#B0GHWTJ5K8#vine.enrollment.65b87365-8226-4931-86e4-2646539bd601
content.js:192 [VineExplorer] API response for item detail: {asin: 'B0GHWTJ5K8', imageUrl: 'https://m.media-amazon.com/images/I/41HTHkRXrvL._SS180_.jpg', productTitle: 'Hilldow 6V 1700mAh NiMH Receiver RX Battery High C…k with BBL2/Hitec Plug for RC Airplanes Aircrafts', featureBullets: Array(6), byLineContributors: Array(1), …}asin: "B0GHWTJ5K8"asinTangoEligible: truebyLineContributors: ['Hilldow']catalogSize: nullfeatureBullets: (6) ['【1700mAh NiMH Battery Specification】- Battery Volt… 1700mAh; ; Connector Type: BBL2/Hitec Connector.', '【Dimensions of the NiMh battery】: 6V 1700mah NiMH ….26*1.22inch ; Single battery weight: 125g/4.41oz', 'High Capacity Rechargeable Power: Features 1700mAh…ations with reliable rechargeable NiMH technology', 'Compatible Connector Type: Equipped with BBL2/Hite… RC receiver system for consistent power delivery', '【Safety Warning】- 1. Please read the user instruct…0.5 - 1C. 4. Never charge the battery unattended.', 'What Included: 6V 1700mAh NiMH Battery*1']imageUrl: "https://m.media-amazon.com/images/I/41HTHkRXrvL._SS180_.jpg"limitedQuantity: falseproductSiteLaunchDate: 1768969138605productTitle: "Hilldow 6V 1700mAh NiMH Receiver RX Battery High Capacity Rechargeable Battery Pack with BBL2/Hitec Plug for RC Airplanes Aircrafts"promotionId: "A2MSI1YDV1P2LP"purchasePolicyCode: "AmazonVine"taxCurrency: "USD"taxValue: 19.99[[Prototype]]: Object
content.js:193 [VineExplorer] DetailURL: /vine/api/recommendations/ATVPDKIKX0DER%23B0GHWTJ5K8%23vine.enrollment.65b87365-8226-4931-86e4-2646539bd601/item/B0GHWTJ5K8?imageSize=180
content.js:270 [VineExplorer] [2/9] B0GHWTJ5K8: ETV=19.99  options=false  limited=false  vendor=Hilldow  desc=yes
content.js:266 [VineExplorer] [3/9] Fetching B0GRH1VL6W…
content.js:179 [VineExplorer] Fetching ETV from API for ASIN: B0GRH1VL6W  RecID: ATVPDKIKX0DER#B0GRH1VL6W#vine.enrollment.bbdfffa9-b79c-4c93-8da3-76647654e452
content.js:192 [VineExplorer] API response for item detail: null
content.js:193 [VineExplorer] DetailURL: /vine/api/recommendations/ATVPDKIKX0DER%23B0GRH1VL6W%23vine.enrollment.bbdfffa9-b79c-4c93-8da3-76647654e452/item/B0GRH1VL6W?imageSize=180
content.js:198 [VineExplorer] ITEM_NOT_IN_ENROLLMENT for B0GRH1VL6W — trying variations
content.js:219 [VineExplorer] Fetching variations for: B0GRH1VL6W
content.js:227 [VineExplorer] Fetching first variation for: B0GRH1VL6W → B0GRGX53LT
content.js:179 [VineExplorer] Fetching ETV from API for ASIN: B0GRGX53LT  RecID: ATVPDKIKX0DER#B0GRH1VL6W#vine.enrollment.bbdfffa9-b79c-4c93-8da3-76647654e452
content.js:192 [VineExplorer] API response for item detail: {asin: 'B0GRGX53LT', imageUrl: 'https://m.media-amazon.com/images/I/41zJtxZv3XL._SS180_.jpg', productTitle: 'ABCPXY Soccer Jersey National Flag Short Sleeve Gr…ing Football Top Game Day Outfit (Medium, Mexico)', featureBullets: Array(5), byLineContributors: Array(1), …}
content.js:193 [VineExplorer] DetailURL: /vine/api/recommendations/ATVPDKIKX0DER%23B0GRH1VL6W%23vine.enrollment.bbdfffa9-b79c-4c93-8da3-76647654e452/item/B0GRGX53LT?imageSize=180
content.js:270 [VineExplorer] [3/9] B0GRH1VL6W: ETV=19.99  options=true  limited=false  vendor=ABCPXY  desc=yes
content.js:266 [VineExplorer] [4/9] Fetching B0GQ98Z1LK…
content.js:179 [VineExplorer] Fetching ETV from API for ASIN: B0GQ98Z1LK  RecID: ATVPDKIKX0DER#B0GQ98Z1LK#vine.enrollment.4e777e47-6073-4ad7-8b25-4aa7a145e676
content.js:192 [VineExplorer] API response for item detail: {asin: 'B0GQ98Z1LK', imageUrl: 'https://m.media-amazon.com/images/I/51cCQd58T1L._SS180_.jpg', productTitle: '7x5ft Glitter Pink Prom 2026 Backdrop Pink Sequin …kground Congrats Grad Classroom Decoration Banner', featureBullets: Array(5), byLineContributors: Array(1), …}
content.js:193 [VineExplorer] DetailURL: /vine/api/recommendations/ATVPDKIKX0DER%23B0GQ98Z1LK%23vine.enrollment.4e777e47-6073-4ad7-8b25-4aa7a145e676/item/B0GQ98Z1LK?imageSize=180
content.js:270 [VineExplorer] [4/9] B0GQ98Z1LK: ETV=9.99  options=false  limited=false  vendor=CSFENPPAO  desc=yes
content.js:266 [VineExplorer] [5/9] Fetching B0DLK8C4P5…
content.js:179 [VineExplorer] Fetching ETV from API for ASIN: B0DLK8C4P5  RecID: ATVPDKIKX0DER#B0DLK8C4P5#vine.enrollment.5e8cf593-11c9-40ce-bb73-679788e29c91
content.js:192 [VineExplorer] API response for item detail: {asin: 'B0DLK8C4P5', imageUrl: 'https://m.media-amazon.com/images/I/31sHi23sBfL._SS180_.jpg', productTitle: 'OGOUGUAN PFI-107 130-ml Ink Tank (1-Pack, 1 Matte …iPF780 iPF785 iPF770 iPF685 iPF680 iPF670 Printer', featureBullets: Array(5), byLineContributors: Array(1), …}
content.js:193 [VineExplorer] DetailURL: /vine/api/recommendations/ATVPDKIKX0DER%23B0DLK8C4P5%23vine.enrollment.5e8cf593-11c9-40ce-bb73-679788e29c91/item/B0DLK8C4P5?imageSize=180
content.js:270 [VineExplorer] [5/9] B0DLK8C4P5: ETV=17.88  options=false  limited=false  vendor=OGOUGUAN  desc=yes
content.js:266 [VineExplorer] [6/9] Fetching B0G6K5S93C…
content.js:179 [VineExplorer] Fetching ETV from API for ASIN: B0G6K5S93C  RecID: ATVPDKIKX0DER#B0G6K5S93C#vine.enrollment.77d43c2f-aea0-43dd-96ca-a072092fe6f6
content.js:192 [VineExplorer] API response for item detail: {asin: 'B0G6K5S93C', imageUrl: 'https://m.media-amazon.com/images/I/41+8sPku6vL._SS180_.jpg', productTitle: 'The 4687EA2001T drain motor pump is compatible wit… 4681EA2001D, AP5328388, 4681EA1007G and 2003273.', featureBullets: Array(6), byLineContributors: Array(1), …}
content.js:193 [VineExplorer] DetailURL: /vine/api/recommendations/ATVPDKIKX0DER%23B0G6K5S93C%23vine.enrollment.77d43c2f-aea0-43dd-96ca-a072092fe6f6/item/B0G6K5S93C?imageSize=180
content.js:270 [VineExplorer] [6/9] B0G6K5S93C: ETV=19.88  options=false  limited=false  vendor=ZANBWGQD  desc=yes
content.js:266 [VineExplorer] [7/9] Fetching B0GSKBR4X9…
content.js:179 [VineExplorer] Fetching ETV from API for ASIN: B0GSKBR4X9  RecID: ATVPDKIKX0DER#B0GSKBR4X9#vine.enrollment.6da006bb-09d7-4473-9562-10e68f8c5d10
content.js:192 [VineExplorer] API response for item detail: {asin: 'B0GSKBR4X9', imageUrl: 'https://m.media-amazon.com/images/I/41MX7Yfg-4L._SS180_.jpg', productTitle: 'ZhXu Shuo 12 Pcs Inspiration Bobbins #359838900 Fi…ewing Machine: 4205, 4206, 4210, 4212, 4220, 4228', featureBullets: Array(3), byLineContributors: Array(1), …}
content.js:193 [VineExplorer] DetailURL: /vine/api/recommendations/ATVPDKIKX0DER%23B0GSKBR4X9%23vine.enrollment.6da006bb-09d7-4473-9562-10e68f8c5d10/item/B0GSKBR4X9?imageSize=180
content.js:270 [VineExplorer] [7/9] B0GSKBR4X9: ETV=9.99  options=false  limited=false  vendor=ZhXu Shuo  desc=yes
content.js:266 [VineExplorer] [8/9] Fetching B0GK22TZ9G…
content.js:179 [VineExplorer] Fetching ETV from API for ASIN: B0GK22TZ9G  RecID: ATVPDKIKX0DER#B0GK22TZ9G#vine.enrollment.7f4fe9d3-8cb7-4432-b80f-b50810ebfe47
content.js:192 [VineExplorer] API response for item detail: {asin: 'B0GK22TZ9G', imageUrl: 'https://m.media-amazon.com/images/I/21E1SaQUZIL._SS180_.jpg', productTitle: 'KIBOVAMO SPX1091G Butterfly Gasket Replacement for…, SP1091WM & Dyna-Skim Above Ground Pool Skimmers', featureBullets: Array(5), byLineContributors: Array(1), …}
content.js:193 [VineExplorer] DetailURL: /vine/api/recommendations/ATVPDKIKX0DER%23B0GK22TZ9G%23vine.enrollment.7f4fe9d3-8cb7-4432-b80f-b50810ebfe47/item/B0GK22TZ9G?imageSize=180
content.js:270 [VineExplorer] [8/9] B0GK22TZ9G: ETV=12.99  options=false  limited=false  vendor=KIBOVAMO  desc=yes
content.js:266 [VineExplorer] [9/9] Fetching B0GQ2Z82NQ…
content.js:179 [VineExplorer] Fetching ETV from API for ASIN: B0GQ2Z82NQ  RecID: ATVPDKIKX0DER#B0GQ2Z82NQ#vine.enrollment.4015f143-b8b9-4428-8379-5b5d808ecaca
content.js:192 [VineExplorer] API response for item detail: null
content.js:193 [VineExplorer] DetailURL: /vine/api/recommendations/ATVPDKIKX0DER%23B0GQ2Z82NQ%23vine.enrollment.4015f143-b8b9-4428-8379-5b5d808ecaca/item/B0GQ2Z82NQ?imageSize=180
content.js:198 [VineExplorer] ITEM_NOT_IN_ENROLLMENT for B0GQ2Z82NQ — trying variations
content.js:219 [VineExplorer] Fetching variations for: B0GQ2Z82NQ
content.js:227 [VineExplorer] Fetching first variation for: B0GQ2Z82NQ → B0GQ2W9VYR
content.js:179 [VineExplorer] Fetching ETV from API for ASIN: B0GQ2W9VYR  RecID: ATVPDKIKX0DER#B0GQ2Z82NQ#vine.enrollment.4015f143-b8b9-4428-8379-5b5d808ecaca
content.js:192 [VineExplorer] API response for item detail: {asin: 'B0GQ2W9VYR', imageUrl: 'https://m.media-amazon.com/images/I/31qlysrIP9L._SS180_.jpg', productTitle: 'FizzCove Universal Replacement Pool Hose Adapter -…ilters& Saltwater Systems (A-Adapter) (A-Adapter)', featureBullets: Array(5), byLineContributors: Array(1), …}
content.js:193 [VineExplorer] DetailURL: /vine/api/recommendations/ATVPDKIKX0DER%23B0GQ2Z82NQ%23vine.enrollment.4015f143-b8b9-4428-8379-5b5d808ecaca/item/B0GQ2W9VYR?imageSize=180
content.js:270 [VineExplorer] [9/9] B0GQ2Z82NQ: ETV=12.99  options=true  limited=false  vendor=FizzCove  desc=yes
content.js:297 [VineExplorer] ─── ETV FETCH DONE ─── 9 items processed
content.js:298 [VineExplorer] Pausing 60s before next page (download logs now)…
